
E:\MOONSEPT\mutualt\backend>"java.exe" -classpath "E:\MOONSEPT\mutualt\backend\\.mvn\wrapper\maven-wrapper.jar" "-Dmaven.multiModuleProjectDirectory=E:\MOONSEPT\mutualt\backend\." org.apache.maven.wrapper.MavenWrapperMain compile 
[INFO] Scanning for projects...
[INFO] 
[INFO] ---------------------< com.moonseptstudio:mutualt >---------------------
[INFO] Building mutualt 0.0.1-SNAPSHOT
[INFO]   from pom.xml
[INFO] --------------------------------[ jar ]---------------------------------
[INFO] 
[INFO] --- resources:3.3.1:resources (default-resources) @ mutualt ---
[INFO] Copying 1 resource from src\main\resources to target\classes
[INFO] Copying 0 resource from src\main\resources to target\classes
[INFO] 
[INFO] --- compiler:3.13.0:compile (default-compile) @ mutualt ---
[INFO] Recompiling the module because of changed source code.
[INFO] Compiling 44 source files with javac [debug parameters release 17] to target\classes
[INFO] -------------------------------------------------------------
[ERROR] COMPILATION ERROR : 
[INFO] -------------------------------------------------------------
[ERROR] /E:/MOONSEPT/mutualt/backend/src/main/java/com/moonseptstudio/mutualt/controller/AuthController.java:[54,38] cannot access com.moonseptstudio.mutualt.dto.JwtResponse
  bad source file: E:\MOONSEPT\mutualt\backend\src\main\java\com\moonseptstudio\mutualt\dto\JwtResponse.java
    file does not contain class com.moonseptstudio.mutualt.dto.JwtResponse
    Please remove or make sure it appears in the correct subdirectory of the sourcepath.
[INFO] 1 error
[INFO] -------------------------------------------------------------
[INFO] ------------------------------------------------------------------------
[INFO] BUILD FAILURE
[INFO] ------------------------------------------------------------------------
[INFO] Total time:  3.178 s
[INFO] Finished at: 2026-03-07T02:13:47+05:30
[INFO] ------------------------------------------------------------------------
[ERROR] Failed to execute goal org.apache.maven.plugins:maven-compiler-plugin:3.13.0:compile (default-compile) on project mutualt: Compilation failure
[ERROR] /E:/MOONSEPT/mutualt/backend/src/main/java/com/moonseptstudio/mutualt/controller/AuthController.java:[54,38] cannot access com.moonseptstudio.mutualt.dto.JwtResponse
[ERROR]   bad source file: E:\MOONSEPT\mutualt\backend\src\main\java\com\moonseptstudio\mutualt\dto\JwtResponse.java
[ERROR]     file does not contain class com.moonseptstudio.mutualt.dto.JwtResponse
[ERROR]     Please remove or make sure it appears in the correct subdirectory of the sourcepath.
[ERROR] 
[ERROR] -> [Help 1]
[ERROR] 
[ERROR] To see the full stack trace of the errors, re-run Maven with the -e switch.
[ERROR] Re-run Maven using the -X switch to enable full debug logging.
[ERROR] 
[ERROR] For more information about the errors and possible solutions, please read the following articles:
[ERROR] [Help 1] http://cwiki.apache.org/confluence/display/MAVEN/MojoFailureException
